<?xml version="1.0" encoding="UTF-8"?>
<!-- Generated by org.testng.reporters.JUnitXMLReporter -->
<testsuite ignored="1" hostname="Princes-MacBook-Air.local" failures="0" tests="1" name="Default test" time="16.367" errors="0" timestamp="2025-08-31T18:03:27 IST">
  <testcase classname="frontend.tests.HandlePopUp" name="fillInputBox" time="13.494"/>
  <testcase classname="frontend.tests.HandlePopUp" name="getProgramVisible" time="0.0">
    <ignored/>
  </testcase> <!-- getProgramVisible -->
</testsuite> <!-- Default test -->
