<?xml version="1.0" encoding="UTF-8"?>
<!-- Generated by org.testng.reporters.JUnitXMLReporter -->
<testsuite ignored="0" hostname="Princes-MacBook-Air.local" failures="0" tests="3" name="Frontend Tests" time="40.385" errors="0" timestamp="2025-09-01T15:27:01 IST">
  <testcase classname="frontend.tests.HandlePopUp" name="fillInputBox" time="7.094"/>
  <testcase classname="frontend.tests.HandlePopUp" name="getProgramVisible" time="8.063"/>
  <testcase classname="frontend.tests.PageLoadTest" name="verifyPageLoad" time="3.45"/>
</testsuite> <!-- Frontend Tests -->
